<?xml version="1.0" encoding="UTF-8"?>
<testng-results skipped="0" failed="1" total="2" passed="1">
  <reporter-output>
  </reporter-output>
  <suite name="Default suite" duration-ms="33014" started-at="2019-03-01T06:59:29Z" finished-at="2019-03-01T07:00:02Z">
    <groups>
    </groups>
    <test name="Default test" duration-ms="33014" started-at="2019-03-01T06:59:29Z" finished-at="2019-03-01T07:00:02Z">
      <class name="selenuim_lesson.周测TestTest">
        <test-method status="PASS" signature="f(java.lang.String, java.lang.String)[pri:0, instance:selenuim_lesson.周测TestTest@4b5bc191]" name="f" duration-ms="17158" started-at="2019-03-01T14:59:29Z" data-provider="user" finished-at="2019-03-01T14:59:46Z">
          <params>
            <param index="0">
              <value>
                <![CDATA[hujianming]]>
              </value>
            </param>
            <param index="1">
              <value>
                <![CDATA[hujianming123]]>
              </value>
            </param>
          </params>
          <reporter-output>
          </reporter-output>
        </test-method> <!-- f -->
        <test-method status="FAIL" signature="f(java.lang.String, java.lang.String)[pri:0, instance:selenuim_lesson.周测TestTest@4b5bc191]" name="f" duration-ms="15837" started-at="2019-03-01T14:59:46Z" data-provider="user" finished-at="2019-03-01T15:00:02Z">
          <params>
            <param index="0">
              <value>
                <![CDATA[hujianmsdfsfing]]>
              </value>
            </param>
            <param index="1">
              <value>
                <![CDATA[hujianming123]]>
              </value>
            </param>
          </params>
          <exception class="org.junit.ComparisonFailure">
            <message>
              <![CDATA[expected:<用户[名]不存在> but was:<用户[]不存在>]]>
            </message>
            <full-stacktrace>
              <![CDATA[org.junit.ComparisonFailure: expected:<用户[名]不存在> but was:<用户[]不存在>
	at org.junit.Assert.assertEquals(Assert.java:115)
	at org.junit.Assert.assertEquals(Assert.java:144)
	at selenuim_lesson.周测TestTest.f(周测TestTest.java:40)
	at sun.reflect.NativeMethodAccessorImpl.invoke0(Native Method)
	at sun.reflect.NativeMethodAccessorImpl.invoke(Unknown Source)
	at sun.reflect.DelegatingMethodAccessorImpl.invoke(Unknown Source)
	at java.lang.reflect.Method.invoke(Unknown Source)
	at org.testng.internal.MethodInvocationHelper.invokeMethod(MethodInvocationHelper.java:85)
	at org.testng.internal.Invoker.invokeMethod(Invoker.java:639)
	at org.testng.internal.Invoker.invokeTestMethod(Invoker.java:816)
	at org.testng.internal.Invoker.invokeTestMethods(Invoker.java:1124)
	at org.testng.internal.TestMethodWorker.invokeTestMethods(TestMethodWorker.java:125)
	at org.testng.internal.TestMethodWorker.run(TestMethodWorker.java:108)
	at org.testng.TestRunner.privateRun(TestRunner.java:774)
	at org.testng.TestRunner.run(TestRunner.java:624)
	at org.testng.SuiteRunner.runTest(SuiteRunner.java:359)
	at org.testng.SuiteRunner.runSequentially(SuiteRunner.java:354)
	at org.testng.SuiteRunner.privateRun(SuiteRunner.java:312)
	at org.testng.SuiteRunner.run(SuiteRunner.java:261)
	at org.testng.SuiteRunnerWorker.runSuite(SuiteRunnerWorker.java:52)
	at org.testng.SuiteRunnerWorker.run(SuiteRunnerWorker.java:86)
	at org.testng.TestNG.runSuitesSequentially(TestNG.java:1215)
	at org.testng.TestNG.runSuitesLocally(TestNG.java:1140)
	at org.testng.TestNG.run(TestNG.java:1048)
	at org.testng.remote.RemoteTestNG.run(RemoteTestNG.java:112)
	at org.testng.remote.RemoteTestNG.initAndRun(RemoteTestNG.java:205)
	at org.testng.remote.RemoteTestNG.main(RemoteTestNG.java:176)
]]>
            </full-stacktrace>
          </exception> <!-- org.junit.ComparisonFailure -->
          <reporter-output>
          </reporter-output>
        </test-method> <!-- f -->
      </class> <!-- selenuim_lesson.周测TestTest -->
    </test> <!-- Default test -->
  </suite> <!-- Default suite -->
</testng-results>
